2026-03-16 01:36:52,825 - __main__ - INFO - Starting Trading Journal Bot...
2026-03-16 01:36:52,916 - httpx - INFO - HTTP Request: POST https://api.telegram.org/bot8655996215:AAEA-al8tpDOsmgUcg1nmLClR0aOVduvJTk/getMe "HTTP/1.1 200 OK"
2026-03-16 01:36:52,957 - httpx - INFO - HTTP Request: POST https://api.telegram.org/bot8655996215:AAEA-al8tpDOsmgUcg1nmLClR0aOVduvJTk/setMyCommands "HTTP/1.1 200 OK"
2026-03-16 01:36:52,997 - httpx - INFO - HTTP Request: POST https://api.telegram.org/bot8655996215:AAEA-al8tpDOsmgUcg1nmLClR0aOVduvJTk/setChatMenuButton "HTTP/1.1 200 OK"
2026-03-16 01:36:52,997 - __main__ - INFO - Bot menu button set to https://lingonberry.work.gd/mini
2026-03-16 01:36:52,997 - __main__ - INFO - Bot commands registered with Telegram.
2026-03-16 01:36:53,021 - httpx - INFO - HTTP Request: POST https://api.telegram.org/bot8655996215:AAEA-al8tpDOsmgUcg1nmLClR0aOVduvJTk/deleteWebhook "HTTP/1.1 200 OK"
2026-03-16 01:36:53,022 - telegram.ext.Application - INFO - Application started
2026-03-16 01:36:56,118 - httpx - INFO - HTTP Request: POST https://api.telegram.org/bot8655996215:AAEA-al8tpDOsmgUcg1nmLClR0aOVduvJTk/getUpdates "HTTP/1.1 409 Conflict"
2026-03-16 01:36:56,120 - telegram.ext.Updater - ERROR - Error while getting Updates: Conflict: terminated by other getUpdates request; make sure that only one bot instance is running
2026-03-16 01:36:56,120 - __main__ - ERROR - Update None caused error Conflict: terminated by other getUpdates request; make sure that only one bot instance is running
2026-03-16 01:36:58,664 - httpx - INFO - HTTP Request: POST https://api.telegram.org/bot8655996215:AAEA-al8tpDOsmgUcg1nmLClR0aOVduvJTk/getUpdates "HTTP/1.1 200 OK"
2026-03-16 01:36:58,668 - __main__ - ERROR - Update Update(edited_message=Message(channel_chat_created=False, chat=Chat(first_name='Yegor', id=5712028307, type=<ChatType.PRIVATE>, username='travelbyy'), date=datetime.datetime(2026, 3, 16, 0, 32, 20, tzinfo=<UTC>), delete_chat_photo=False, edit_date=datetime.datetime(2026, 3, 16, 0, 36, 58, tzinfo=<UTC>), entities=(MessageEntity(length=5, offset=0, type=<MessageEntityType.BOT_COMMAND>),), from_user=User(first_name='Yegor', id=5712028307, is_bot=False, language_code='en', username='travelbyy'), group_chat_created=False, message_id=259, supergroup_chat_created=False, text='/dump\xa0Instrument Entry Time (EET) Type Side Amount Entry Price SL Price TP Price Exit Time (EET) Exit Price Fee Swap P&L Net P&L Order ID Position ID \nActions\n\nCurrency flag\nNAS100\n2026/03/13 16:39:57\xa0Take profit Sell 0.03 24,643.00 \n24,712.74\n24,453.20 2026/03/13 17:02:05\xa024,451.90 $0.00 $0.00 $573.30 $573.30 7277816997971287264 7277816997857209872 \n\nCurrency flag\nNAS100\n2026/03/13 14:39:47\xa0Stop loss Sell 0.10 24,628.10 \n24,662.53\n24,479.88 2026/03/13 14:45:09\xa024,665.30 $0.00 $0.00 -$372.00 -$372.00 7277816997971247912 7277816997857203302 \n\nCurrency flag\nNAS100\n2026/03/13 12:34:51\xa0Market Buy 0.10 24,568.60 \n24,528.59\n24,692.61 2026/03/13 12:40:50\xa024,563.70 $0.00 $0.00 -$49.00 -$49.00 7277816997971224852 7277816997857199803 \n\nCurrency flag\nXAUUSD\n2026/03/13 12:05:20\xa0Stop loss Buy 0.51 5,090.02 \n5,086.93\n5,102.74 2026/03/13 12:30:33\xa05,086.29 $0.00 $0.00 -$190.23 -$190.23 7277816997971217610 7277816997857198867 \n\nCurrency flag\nXAUUSD\n2026/03/13 12:12:00\xa0Stop loss Buy 0.51 5,088.71 \n5,086.87\n5,102.51 2026/03/13 12:30:33\xa05,086.29 $0.00 $0.00 -$123.42 -$123.42 7277816997971218815 7277816997857199105 \n\nCurrency flag\nXAUUSD\n2026/03/13 11:29:48\xa0Market Sell 0.51 5,091.49 \n5,093.27\n5,079.80 2026/03/13 11:51:51\xa05,093.01 $0.00 $0.00 -$77.52 -$77.52 7277816997971214633 7277816997857197779 \n\nCurrency flag\nNAS100\n2026/03/13 10:30:55\xa0Stop loss Sell 0.08 24,419.60 \n24,443.17\n24,143.90 2026/03/13 10:37:51\xa024,443.30 $0.00 $0.00 -$189.60 -$189.60 7277816997971199103 7277816997857196314 \n\nCurrency flag\nNAS100\n2026/03/13 10:09:31\xa0Stop loss Sell 0.08 24,395.50 \n24,440.21\n24,148.75 2026/03/13 10:37:12\xa024,440.90 $0.00 $0.00 -$363.20 -$363.20 7277816997971194742 7277816997857195738 \n\nCurrency flag\nNAS100\n2026/03/13 09:59:17\xa0Market Buy 0.08 24,430.00 \n24,390.20\n24,504.61 2026/03/13 10:05:22\xa024,399.00 $0.00 $0.00 -$248.00 -$248.00 7277816997971193595 7277816997857195317 \n\nCurrency flag\nXAUUSD\n2026/03/13 08:01:16\xa0Market Sell 0.52 5,105.67 \n5,105.32\n5,085.66 2026/03/13 08:51:15\xa05,090.30 $0.00 $0.00 $799.24 $799.24 7277816997971179710 7277816997857192811 \n\nCurrency flag\nXAUUSD\n2026/03/13 08:07:25\xa0Market Sell 0.51 5,107.73 \n5,105.43\n5,086.02 2026/03/13 08:51:11\xa05,090.17 $0.00 $0.00 $895.56 $895.56 7277816997971179697 7277816997857192905 \n\nCurrency flag\nGBPJPY\nCurrency flag\n2026/03/13 00:26:05\xa0Stop loss Buy 1.50 212.561 \n212.448\n213.414 2026/03/13 02:02:48\xa0212.448 $0.00 $0.00 -$106.54 -$106.54 7277816997971088621 7277816997857182371'), update_id=240539774) caused error 'NoneType' object has no attribute 'reply_text'
2026-03-16 01:37:01,703 - httpx - INFO - HTTP Request: POST https://api.telegram.org/bot8655996215:AAEA-al8tpDOsmgUcg1nmLClR0aOVduvJTk/getUpdates "HTTP/1.1 409 Conflict"
2026-03-16 01:37:01,704 - telegram.ext.Updater - ERROR - Error while getting Updates: Conflict: terminated by other getUpdates request; make sure that only one bot instance is running
2026-03-16 01:37:01,704 - __main__ - ERROR - Update None caused error Conflict: terminated by other getUpdates request; make sure that only one bot instance is running
2026-03-16 01:37:06,761 - httpx - INFO - HTTP Request: POST https://api.telegram.org/bot8655996215:AAEA-al8tpDOsmgUcg1nmLClR0aOVduvJTk/getUpdates "HTTP/1.1 409 Conflict"
2026-03-16 01:37:06,763 - telegram.ext.Updater - ERROR - Error while getting Updates: Conflict: terminated by other getUpdates request; make sure that only one bot instance is running
2026-03-16 01:37:06,763 - __main__ - ERROR - Update None caused error Conflict: terminated by other getUpdates request; make sure that only one bot instance is running
2026-03-16 01:37:12,317 - httpx - INFO - HTTP Request: POST https://api.telegram.org/bot8655996215:AAEA-al8tpDOsmgUcg1nmLClR0aOVduvJTk/getUpdates "HTTP/1.1 409 Conflict"
2026-03-16 01:37:12,318 - telegram.ext.Updater - ERROR - Error while getting Updates: Conflict: terminated by other getUpdates request; make sure that only one bot instance is running
2026-03-16 01:37:12,319 - __main__ - ERROR - Update None caused error Conflict: terminated by other getUpdates request; make sure that only one bot instance is running
2026-03-16 01:37:19,123 - httpx - INFO - HTTP Request: POST https://api.telegram.org/bot8655996215:AAEA-al8tpDOsmgUcg1nmLClR0aOVduvJTk/getUpdates "HTTP/1.1 409 Conflict"
2026-03-16 01:37:19,124 - telegram.ext.Updater - ERROR - Error while getting Updates: Conflict: terminated by other getUpdates request; make sure that only one bot instance is running
2026-03-16 01:37:19,124 - __main__ - ERROR - Update None caused error Conflict: terminated by other getUpdates request; make sure that only one bot instance is running
2026-03-16 01:37:27,808 - httpx - INFO - HTTP Request: POST https://api.telegram.org/bot8655996215:AAEA-al8tpDOsmgUcg1nmLClR0aOVduvJTk/getUpdates "HTTP/1.1 409 Conflict"
2026-03-16 01:37:27,809 - telegram.ext.Updater - ERROR - Error while getting Updates: Conflict: terminated by other getUpdates request; make sure that only one bot instance is running
2026-03-16 01:37:27,809 - __main__ - ERROR - Update None caused error Conflict: terminated by other getUpdates request; make sure that only one bot instance is running
2026-03-16 01:37:41,102 - httpx - INFO - HTTP Request: POST https://api.telegram.org/bot8655996215:AAEA-al8tpDOsmgUcg1nmLClR0aOVduvJTk/getUpdates "HTTP/1.1 409 Conflict"
2026-03-16 01:37:41,106 - telegram.ext.Updater - ERROR - Error while getting Updates: Conflict: terminated by other getUpdates request; make sure that only one bot instance is running
2026-03-16 01:37:41,106 - __main__ - ERROR - Update None caused error Conflict: terminated by other getUpdates request; make sure that only one bot instance is running
2026-03-16 01:37:56,475 - httpx - INFO - HTTP Request: POST https://api.telegram.org/bot8655996215:AAEA-al8tpDOsmgUcg1nmLClR0aOVduvJTk/getUpdates "HTTP/1.1 409 Conflict"
2026-03-16 01:37:56,477 - telegram.ext.Updater - ERROR - Error while getting Updates: Conflict: terminated by other getUpdates request; make sure that only one bot instance is running
2026-03-16 01:37:56,477 - __main__ - ERROR - Update None caused error Conflict: terminated by other getUpdates request; make sure that only one bot instance is running
2026-03-16 01:38:12,191 - httpx - INFO - HTTP Request: POST https://api.telegram.org/bot8655996215:AAEA-al8tpDOsmgUcg1nmLClR0aOVduvJTk/getUpdates "HTTP/1.1 409 Conflict"
2026-03-16 01:38:12,195 - telegram.ext.Updater - ERROR - Error while getting Updates: Conflict: terminated by other getUpdates request; make sure that only one bot instance is running
2026-03-16 01:38:12,196 - __main__ - ERROR - Update None caused error Conflict: terminated by other getUpdates request; make sure that only one bot instance is running
2026-03-16 01:38:33,395 - httpx - INFO - HTTP Request: POST https://api.telegram.org/bot8655996215:AAEA-al8tpDOsmgUcg1nmLClR0aOVduvJTk/getUpdates "HTTP/1.1 409 Conflict"
2026-03-16 01:38:33,397 - telegram.ext.Updater - ERROR - Error while getting Updates: Conflict: terminated by other getUpdates request; make sure that only one bot instance is running
2026-03-16 01:38:33,397 - __main__ - ERROR - Update None caused error Conflict: terminated by other getUpdates request; make sure that only one bot instance is running
2026-03-16 01:39:03,211 - httpx - INFO - HTTP Request: POST https://api.telegram.org/bot8655996215:AAEA-al8tpDOsmgUcg1nmLClR0aOVduvJTk/getUpdates "HTTP/1.1 409 Conflict"
2026-03-16 01:39:03,213 - telegram.ext.Updater - ERROR - Error while getting Updates: Conflict: terminated by other getUpdates request; make sure that only one bot instance is running
2026-03-16 01:39:03,214 - __main__ - ERROR - Update None caused error Conflict: terminated by other getUpdates request; make sure that only one bot instance is running
2026-03-16 01:39:37,408 - httpx - INFO - HTTP Request: POST https://api.telegram.org/bot8655996215:AAEA-al8tpDOsmgUcg1nmLClR0aOVduvJTk/getUpdates "HTTP/1.1 409 Conflict"
2026-03-16 01:39:37,409 - telegram.ext.Updater - ERROR - Error while getting Updates: Conflict: terminated by other getUpdates request; make sure that only one bot instance is running
2026-03-16 01:39:37,409 - __main__ - ERROR - Update None caused error Conflict: terminated by other getUpdates request; make sure that only one bot instance is running
2026-03-16 01:40:11,610 - httpx - INFO - HTTP Request: POST https://api.telegram.org/bot8655996215:AAEA-al8tpDOsmgUcg1nmLClR0aOVduvJTk/getUpdates "HTTP/1.1 409 Conflict"
2026-03-16 01:40:11,611 - telegram.ext.Updater - ERROR - Error while getting Updates: Conflict: terminated by other getUpdates request; make sure that only one bot instance is running
2026-03-16 01:40:11,612 - __main__ - ERROR - Update None caused error Conflict: terminated by other getUpdates request; make sure that only one bot instance is running
2026-03-16 01:40:20,651 - httpx - INFO - HTTP Request: POST https://api.telegram.org/bot8655996215:AAEA-al8tpDOsmgUcg1nmLClR0aOVduvJTk/getUpdates "HTTP/1.1 200 OK"
2026-03-16 01:40:20,651 - telegram.ext.Application - INFO - Application is stopping. This might take a moment.
2026-03-16 01:40:20,652 - telegram.ext.Application - INFO - Application.stop() complete
